2023-08-06 06:55:14.146525 - Initialized conversion of CBT757
2023-08-06 06:55:15.526368 - Received CBT.V505.FILE757.PDS from FILE757.XMI 
2023-08-06 06:55:15.528785 - Found $$$#DATE.txt (text/plain) in CBT.V505.FILE757.PDS, moved to PDS/$$$#DATE
2023-08-06 06:55:15.528794 - Found $$DOC.bin containing application/octet-stream, moved to PDS/$$DOC
2023-08-06 06:55:15.532584 - De-xmi-ed $$DOCPDF to CBT757/docs/$$DOCPDF.pdf
2023-08-06 06:55:15.535212 - De-xmi-ed $$DOCWRD to CBT757/docs/$$DOCWRD.doc
2023-08-06 06:55:15.536112 - Found $$FIXPAC.txt (text/plain) in CBT.V505.FILE757.PDS, moved to PDS/$$FIXPAC
2023-08-06 06:55:15.536911 - Found $$NOTE01.txt (text/plain) in CBT.V505.FILE757.PDS, moved to PDS/$$NOTE01
2023-08-06 06:55:15.537858 - Found $$NOTE02.txt (text/plain) in CBT.V505.FILE757.PDS, moved to PDS/$$NOTE02
2023-08-06 06:55:15.538809 - Found $$NOTE03.txt (text/plain) in CBT.V505.FILE757.PDS, moved to PDS/$$NOTE03
2023-08-06 06:55:15.539708 - Found $$NOTE04.txt (text/plain) in CBT.V505.FILE757.PDS, moved to PDS/$$NOTE04
2023-08-06 06:55:15.540579 - Found $$NOTE05.txt (text/plain) in CBT.V505.FILE757.PDS, moved to PDS/$$NOTE05
2023-08-06 06:55:15.541537 - Found $$NOTE06.txt (text/plain) in CBT.V505.FILE757.PDS, moved to PDS/$$NOTE06
2023-08-06 06:55:15.542473 - Found $$NOTE07.txt (text/plain) in CBT.V505.FILE757.PDS, moved to PDS/$$NOTE07
2023-08-06 06:55:15.543360 - Found $$NOTE08.txt (text/plain) in CBT.V505.FILE757.PDS, moved to PDS/$$NOTE08
2023-08-06 06:55:15.544269 - Found $$NOTE09.txt (text/plain) in CBT.V505.FILE757.PDS, moved to PDS/$$NOTE09
2023-08-06 06:55:15.545265 - Found $$NOTE10.txt (text/plain) in CBT.V505.FILE757.PDS, moved to PDS/$$NOTE10
2023-08-06 06:55:15.546233 - Found $$NOTE11.txt (text/plain) in CBT.V505.FILE757.PDS, moved to PDS/$$NOTE11
2023-08-06 06:55:15.547214 - Found $$NOTE12.txt (text/plain) in CBT.V505.FILE757.PDS, moved to PDS/$$NOTE12
2023-08-06 06:55:15.548123 - Found $$NOTE13.txt (text/plain) in CBT.V505.FILE757.PDS, moved to PDS/$$NOTE13
2023-08-06 06:55:15.549029 - Found $$NOTE14.txt (text/plain) in CBT.V505.FILE757.PDS, moved to PDS/$$NOTE14
2023-08-06 06:55:15.549934 - Found $$NOTE15.txt (text/plain) in CBT.V505.FILE757.PDS, moved to PDS/$$NOTE15
2023-08-06 06:55:15.550829 - Found @FILE757.txt (text/plain) in CBT.V505.FILE757.PDS, moved to PDS/@FILE757
2023-08-06 06:55:15.551736 - Found ASMALLOC.jcl (text/plain) in CBT.V505.FILE757.PDS, moved to PDS/ASMALLOC
2023-08-06 06:55:15.552634 - Found ASMLOGGR.jcl (text/plain) in CBT.V505.FILE757.PDS, moved to PDS/ASMLOGGR
2023-08-06 06:55:15.553532 - Found ASMLOGG2.jcl (text/plain) in CBT.V505.FILE757.PDS, moved to PDS/ASMLOGG2
2023-08-06 06:55:15.554604 - Found LGCPLOGR.txt (text/plain) in CBT.V505.FILE757.PDS, moved to PDS/LGCPLOGR
2023-08-06 06:55:15.555611 - Found LGCPLSWA.txt (text/plain) in CBT.V505.FILE757.PDS, moved to PDS/LGCPLSWA
2023-08-06 06:55:15.556513 - Found LGMHDCBX.txt (text/plain) in CBT.V505.FILE757.PDS, moved to PDS/LGMHDCBX
2023-08-06 06:55:15.557473 - Found LGMHESTA.txt (text/plain) in CBT.V505.FILE757.PDS, moved to PDS/LGMHESTA
2023-08-06 06:55:15.558448 - Found LGMHESTX.txt (text/plain) in CBT.V505.FILE757.PDS, moved to PDS/LGMHESTX
2023-08-06 06:55:15.559478 - Found LGMHLB64.txt (text/plain) in CBT.V505.FILE757.PDS, moved to PDS/LGMHLB64
2023-08-06 06:55:15.560496 - Found LGMHLRCB.txt (text/plain) in CBT.V505.FILE757.PDS, moved to PDS/LGMHLRCB
2023-08-06 06:55:15.561623 - Found LGMHLRCE.txt (text/plain) in CBT.V505.FILE757.PDS, moved to PDS/LGMHLRCE
2023-08-06 06:55:15.562655 - Found LGMHLRCI.txt (text/plain) in CBT.V505.FILE757.PDS, moved to PDS/LGMHLRCI
2023-08-06 06:55:15.563631 - Found LGMHLRCT.txt (text/plain) in CBT.V505.FILE757.PDS, moved to PDS/LGMHLRCT
2023-08-06 06:55:15.564662 - Found LGMHLRCX.txt (text/plain) in CBT.V505.FILE757.PDS, moved to PDS/LGMHLRCX
2023-08-06 06:55:15.565711 - Found LGMHPSTG.txt (text/plain) in CBT.V505.FILE757.PDS, moved to PDS/LGMHPSTG
2023-08-06 06:55:15.566744 - Found LGMHPSTX.txt (text/plain) in CBT.V505.FILE757.PDS, moved to PDS/LGMHPSTX
2023-08-06 06:55:15.568421 - Found LGMHRTRX.txt (text/plain) in CBT.V505.FILE757.PDS, moved to PDS/LGMHRTRX
2023-08-06 06:55:15.571174 - Found LGMHRTRY.txt (text/plain) in CBT.V505.FILE757.PDS, moved to PDS/LGMHRTRY
2023-08-06 06:55:15.572174 - Found LGMHWTCH.txt (text/plain) in CBT.V505.FILE757.PDS, moved to PDS/LGMHWTCH
2023-08-06 06:55:15.573164 - Found TESTRISC.txt (text/plain) in CBT.V505.FILE757.PDS, moved to PDS/TESTRISC
2023-08-06 06:55:15.574071 - Found USERJOB1.jcl (text/plain) in CBT.V505.FILE757.PDS, moved to PDS/USERJOB1
2023-08-06 06:55:15.574933 - Found USERJOB2.jcl (text/plain) in CBT.V505.FILE757.PDS, moved to PDS/USERJOB2
2023-08-06 06:55:15.575750 - Found USERJOB3.jcl (text/plain) in CBT.V505.FILE757.PDS, moved to PDS/USERJOB3
2023-08-06 06:55:15.576704 - Found USERJOB4.jcl (text/plain) in CBT.V505.FILE757.PDS, moved to PDS/USERJOB4
2023-08-06 06:55:15.577677 - Found USERPGM1.txt (text/plain) in CBT.V505.FILE757.PDS, moved to PDS/USERPGM1
2023-08-06 06:55:15.578606 - Found USERPGM2.txt (text/plain) in CBT.V505.FILE757.PDS, moved to PDS/USERPGM2
2023-08-06 06:55:15.579508 - Found USERPGM3.txt (text/plain) in CBT.V505.FILE757.PDS, moved to PDS/USERPGM3
2023-08-06 06:55:15.580364 - Found USERPGM4.txt (text/plain) in CBT.V505.FILE757.PDS, moved to PDS/USERPGM4
2023-08-06 06:55:15.581325 - Found USERPGM5.txt (text/plain) in CBT.V505.FILE757.PDS, moved to PDS/USERPGM5
2023-08-06 06:55:15.582277 - Found USERPGM6.txt (text/plain) in CBT.V505.FILE757.PDS, moved to PDS/USERPGM6
